#
# There is insufficient memory for the Java Runtime Environment to continue.
# Native memory allocation (mmap) failed to map 73400320 bytes for committing reserved memory.
# Possible reasons:
#   The system is out of physical RAM or swap space
#   In 32 bit mode, the process size limit was hit
# Possible solutions:
#   Reduce memory load on the system
#   Increase physical memory or swap space
#   Check if swap backing store is full
#   Use 64 bit Java on a 64 bit OS
#   Decrease Java heap size (-Xmx/-Xms)
#   Decrease number of Java threads
#   Decrease Java thread stack sizes (-Xss)
#   Set larger code cache with -XX:ReservedCodeCacheSize=
# This output file may be truncated or incomplete.
#
#  Out of Memory Error (os_linux.cpp:2627), pid=16273, tid=0x00007fd629f72700
#
# JRE version: Java(TM) SE Runtime Environment (8.0_102-b14) (build 1.8.0_102-b14)
# Java VM: Java HotSpot(TM) 64-Bit Server VM (25.102-b14 mixed mode linux-amd64 compressed oops)
# Core dump written. Default location: /mnt/w/code/Projektit/reaktor-chat/chat-api/core or core.16273
#

---------------  T H R E A D  ---------------

Current thread (0x00007fd63c077800):  VMThread [stack: 0x00007fd629e72000,0x00007fd629f73000] [id=16280]

Stack: [0x00007fd629e72000,0x00007fd629f73000],  sp=0x00007fd629f710a0,  free space=1020k
Native frames: (J=compiled Java code, j=interpreted, Vv=VM code, C=native code)
V  [libjvm.so+0xac52aa]  VMError::report_and_die()+0x2ba
V  [libjvm.so+0x4fc29b]  report_vm_out_of_memory(char const*, int, unsigned long, VMErrorType, char const*)+0x8b
V  [libjvm.so+0x922603]  os::Linux::commit_memory_impl(char*, unsigned long, bool)+0x103
V  [libjvm.so+0x922b59]  os::pd_commit_memory(char*, unsigned long, unsigned long, bool)+0x29
V  [libjvm.so+0x91ce5a]  os::commit_memory(char*, unsigned long, unsigned long, bool)+0x2a
V  [libjvm.so+0x9915e3]  PSVirtualSpace::expand_by(unsigned long)+0x53
V  [libjvm.so+0x9929e8]  PSYoungGen::resize_generation(unsigned long, unsigned long)+0xf8
V  [libjvm.so+0x991b42]  PSYoungGen::resize(unsigned long, unsigned long)+0x22
V  [libjvm.so+0x98ee1b]  PSScavenge::invoke_no_policy()+0xf3b
V  [libjvm.so+0x98f5a1]  PSScavenge::invoke()+0x41
V  [libjvm.so+0x9462f0]  ParallelScavengeHeap::failed_mem_allocate(unsigned long)+0x70
V  [libjvm.so+0xac6cc7]  VM_ParallelGCFailedAllocation::doit()+0x97
V  [libjvm.so+0xace7a5]  VM_Operation::evaluate()+0x55
V  [libjvm.so+0xaccb7a]  VMThread::evaluate_operation(VM_Operation*)+0xba
V  [libjvm.so+0xaccefe]  VMThread::loop()+0x1ce
V  [libjvm.so+0xacd370]  VMThread::run()+0x70
V  [libjvm.so+0x9249c8]  java_start(Thread*)+0x108

VM_Operation (0x00007fd642adfe00): ParallelGCFailedAllocation, mode: safepoint, requested by thread 0x00007fd63c00a000


---------------  P R O C E S S  ---------------

Java Threads: ( => current thread )
  0x00007fd63c96f800 JavaThread "resolver-4" daemon [_thread_blocked, id=16294, stack(0x00007fd6283bc000,0x00007fd6284bd000)]
  0x00007fd63c953000 JavaThread "resolver-3" daemon [_thread_blocked, id=16293, stack(0x00007fd6284bd000,0x00007fd6285be000)]
  0x00007fd63c964800 JavaThread "resolver-2" daemon [_thread_blocked, id=16292, stack(0x00007fd6285be000,0x00007fd6286bf000)]
  0x00007fd63c964000 JavaThread "resolver-1" daemon [_thread_blocked, id=16291, stack(0x00007fd628773000,0x00007fd628874000)]
  0x00007fd63c669000 JavaThread "process reaper" daemon [_thread_blocked, id=16290, stack(0x00007fd628ec7000,0x00007fd628f00000)]
  0x00007fd63c0cb800 JavaThread "Service Thread" daemon [_thread_blocked, id=16287, stack(0x00007fd6294a2000,0x00007fd6295a3000)]
  0x00007fd63c0be000 JavaThread "C1 CompilerThread2" daemon [_thread_blocked, id=16286, stack(0x00007fd6295a3000,0x00007fd6296a4000)]
  0x00007fd63c0bc800 JavaThread "C2 CompilerThread1" daemon [_thread_blocked, id=16285, stack(0x00007fd6296a4000,0x00007fd6297a5000)]
  0x00007fd63c0b9800 JavaThread "C2 CompilerThread0" daemon [_thread_blocked, id=16284, stack(0x00007fd6297a5000,0x00007fd6298a6000)]
  0x00007fd63c0b8000 JavaThread "Signal Dispatcher" daemon [_thread_blocked, id=16283, stack(0x00007fd6298a6000,0x00007fd6299a7000)]
  0x00007fd63c084000 JavaThread "Finalizer" daemon [_thread_blocked, id=16282, stack(0x00007fd629c70000,0x00007fd629d71000)]
  0x00007fd63c07f800 JavaThread "Reference Handler" daemon [_thread_blocked, id=16281, stack(0x00007fd629d71000,0x00007fd629e72000)]
  0x00007fd63c00a000 JavaThread "main" [_thread_blocked, id=16275, stack(0x00007fd6429e5000,0x00007fd642ae6000)]

Other Threads:
=>0x00007fd63c077800 VMThread [stack: 0x00007fd629e72000,0x00007fd629f73000] [id=16280]
  0x00007fd63c0ce800 WatcherThread [stack: 0x00007fd6293a1000,0x00007fd6294a2000] [id=16288]

VM state:at safepoint (normal execution)

VM Mutex/Monitor currently owned by a thread:  ([mutex/lock_event])
[0x00007fd63c006170] Threads_lock - owner thread: 0x00007fd63c077800
[0x00007fd63c006670] Heap_lock - owner thread: 0x00007fd63c00a000

Heap:
 PSYoungGen      total 68608K, used 5104K [0x00000000d6f00000, 0x00000000db700000, 0x0000000100000000)
  eden space 63488K, 0% used [0x00000000d6f00000,0x00000000d6f00000,0x00000000dad00000)
  from space 5120K, 99% used [0x00000000dad00000,0x00000000db1fc030,0x00000000db200000)
  to   space 5120K, 0% used [0x00000000db200000,0x00000000db200000,0x00000000db700000)
 ParOldGen       total 84992K, used 7331K [0x0000000084c00000, 0x0000000089f00000, 0x00000000d6f00000)
  object space 84992K, 8% used [0x0000000084c00000,0x0000000085328c98,0x0000000089f00000)
 Metaspace       used 16671K, capacity 17044K, committed 17280K, reserved 1064960K
  class space    used 1989K, capacity 2109K, committed 2176K, reserved 1048576K

Card table byte_map: [0x00007fd62c22c000,0x00007fd62c607000] byte_map_base: 0x00007fd62be06000

Marking Bits: (ParMarkBitMap*) 0x00007fd641efac60
 Begin Bits: [0x00007fd618260000, 0x00007fd61a130000)
 End Bits:   [0x00007fd61a130000, 0x00007fd61c000000)

Polling page: 0x00007fd642b1c000

CodeCache: size=245760Kb used=9767Kb max_used=9800Kb free=235992Kb
 bounds [0x00007fd62c9c7000, 0x00007fd62d367000, 0x00007fd63b9c7000]
 total_blobs=3246 nmethods=2879 adapters=280
 compilation: enabled

Compilation events (10 events):
Event: 13.293 Thread 0x00007fd63c0be000 2883       3       com.thoughtworks.xstream.core.util.PrioritizedList$PrioritizedItem::compareTo (36 bytes)
Event: 13.351 Thread 0x00007fd63c0be000 nmethod 2883 0x00007fd62d31f2d0 code [0x00007fd62d31f440, 0x00007fd62d31f6d0]
Event: 13.411 Thread 0x00007fd63c0bc800 nmethod 2875 0x00007fd62d336fd0 code [0x00007fd62d3371e0, 0x00007fd62d3382c8]
Event: 13.411 Thread 0x00007fd63c0bc800 2879       4       java.lang.reflect.Modifier::isFinal (13 bytes)
Event: 13.413 Thread 0x00007fd63c0bc800 nmethod 2879 0x00007fd62d339c90 code [0x00007fd62d339dc0, 0x00007fd62d339e18]
Event: 13.422 Thread 0x00007fd63c0be000 2884       3       sun.misc.URLClassPath::access$100 (7 bytes)
Event: 13.424 Thread 0x00007fd63c0b9800 nmethod 2881 0x00007fd62d332250 code [0x00007fd62d332480, 0x00007fd62d333610]
Event: 13.433 Thread 0x00007fd63c0be000 nmethod 2884 0x00007fd62d339450 code [0x00007fd62d3395c0, 0x00007fd62d339728]
Event: 13.439 Thread 0x00007fd63c0be000 2885       3       sun.reflect.ConstructorAccessorImpl::<init> (5 bytes)
Event: 13.439 Thread 0x00007fd63c0be000 nmethod 2885 0x00007fd62d338fd0 code [0x00007fd62d339140, 0x00007fd62d339350]

GC Heap History (9 events):
Event: 0.614 GC heap before
{Heap before GC invocations=1 (full 0):
 PSYoungGen      total 36864K, used 31744K [0x00000000d6f00000, 0x00000000d9800000, 0x0000000100000000)
  eden space 31744K, 100% used [0x00000000d6f00000,0x00000000d8e00000,0x00000000d8e00000)
  from space 5120K, 0% used [0x00000000d9300000,0x00000000d9300000,0x00000000d9800000)
  to   space 5120K, 0% used [0x00000000d8e00000,0x00000000d8e00000,0x00000000d9300000)
 ParOldGen       total 84992K, used 0K [0x0000000084c00000, 0x0000000089f00000, 0x00000000d6f00000)
  object space 84992K, 0% used [0x0000000084c00000,0x0000000084c00000,0x0000000089f00000)
 Metaspace       used 7657K, capacity 7778K, committed 7936K, reserved 1056768K
  class space    used 965K, capacity 1017K, committed 1024K, reserved 1048576K
Event: 0.617 GC heap after
Heap after GC invocations=1 (full 0):
 PSYoungGen      total 36864K, used 4521K [0x00000000d6f00000, 0x00000000d9800000, 0x0000000100000000)
  eden space 31744K, 0% used [0x00000000d6f00000,0x00000000d6f00000,0x00000000d8e00000)
  from space 5120K, 88% used [0x00000000d8e00000,0x00000000d926a698,0x00000000d9300000)
  to   space 5120K, 0% used [0x00000000d9300000,0x00000000d9300000,0x00000000d9800000)
 ParOldGen       total 84992K, used 8K [0x0000000084c00000, 0x0000000089f00000, 0x00000000d6f00000)
  object space 84992K, 0% used [0x0000000084c00000,0x0000000084c02000,0x0000000089f00000)
 Metaspace       used 7657K, capacity 7778K, committed 7936K, reserved 1056768K
  class space    used 965K, capacity 1017K, committed 1024K, reserved 1048576K
}
Event: 1.066 GC heap before
{Heap before GC invocations=2 (full 0):
 PSYoungGen      total 36864K, used 36265K [0x00000000d6f00000, 0x00000000d9800000, 0x0000000100000000)
  eden space 31744K, 100% used [0x00000000d6f00000,0x00000000d8e00000,0x00000000d8e00000)
  from space 5120K, 88% used [0x00000000d8e00000,0x00000000d926a698,0x00000000d9300000)
  to   space 5120K, 0% used [0x00000000d9300000,0x00000000d9300000,0x00000000d9800000)
 ParOldGen       total 84992K, used 8K [0x0000000084c00000, 0x0000000089f00000, 0x00000000d6f00000)
  object space 84992K, 0% used [0x0000000084c00000,0x0000000084c02000,0x0000000089f00000)
 Metaspace       used 12892K, capacity 13192K, committed 13568K, reserved 1060864K
  class space    used 1584K, capacity 1686K, committed 1792K, reserved 1048576K
Event: 1.072 GC heap after
Heap after GC invocations=2 (full 0):
 PSYoungGen      total 36864K, used 5100K [0x00000000d6f00000, 0x00000000d9800000, 0x0000000100000000)
  eden space 31744K, 0% used [0x00000000d6f00000,0x00000000d6f00000,0x00000000d8e00000)
  from space 5120K, 99% used [0x00000000d9300000,0x00000000d97fb258,0x00000000d9800000)
  to   space 5120K, 0% used [0x00000000d8e00000,0x00000000d8e00000,0x00000000d9300000)
 ParOldGen       total 84992K, used 1396K [0x0000000084c00000, 0x0000000089f00000, 0x00000000d6f00000)
  object space 84992K, 1% used [0x0000000084c00000,0x0000000084d5d330,0x0000000089f00000)
 Metaspace       used 12892K, capacity 13192K, committed 13568K, reserved 1060864K
  class space    used 1584K, capacity 1686K, committed 1792K, reserved 1048576K
}
Event: 1.334 GC heap before
{Heap before GC invocations=3 (full 0):
 PSYoungGen      total 36864K, used 36844K [0x00000000d6f00000, 0x00000000d9800000, 0x0000000100000000)
  eden space 31744K, 100% used [0x00000000d6f00000,0x00000000d8e00000,0x00000000d8e00000)
  from space 5120K, 99% used [0x00000000d9300000,0x00000000d97fb258,0x00000000d9800000)
  to   space 5120K, 0% used [0x00000000d8e00000,0x00000000d8e00000,0x00000000d9300000)
 ParOldGen       total 84992K, used 1396K [0x0000000084c00000, 0x0000000089f00000, 0x00000000d6f00000)
  object space 84992K, 1% used [0x0000000084c00000,0x0000000084d5d330,0x0000000089f00000)
 Metaspace       used 13398K, capacity 13726K, committed 13824K, reserved 1060864K
  class space    used 1628K, capacity 1757K, committed 1792K, reserved 1048576K
Event: 1.346 GC heap after
Heap after GC invocations=3 (full 0):
 PSYoungGen      total 36864K, used 5104K [0x00000000d6f00000, 0x00000000db700000, 0x0000000100000000)
  eden space 31744K, 0% used [0x00000000d6f00000,0x00000000d6f00000,0x00000000d8e00000)
  from space 5120K, 99% used [0x00000000d8e00000,0x00000000d92fc010,0x00000000d9300000)
  to   space 5120K, 0% used [0x00000000db200000,0x00000000db200000,0x00000000db700000)
 ParOldGen       total 84992K, used 2095K [0x0000000084c00000, 0x0000000089f00000, 0x00000000d6f00000)
  object space 84992K, 2% used [0x0000000084c00000,0x0000000084e0bd08,0x0000000089f00000)
 Metaspace       used 13398K, capacity 13726K, committed 13824K, reserved 1060864K
  class space    used 1628K, capacity 1757K, committed 1792K, reserved 1048576K
}
Event: 1.606 GC heap before
{Heap before GC invocations=4 (full 0):
 PSYoungGen      total 36864K, used 36848K [0x00000000d6f00000, 0x00000000db700000, 0x0000000100000000)
  eden space 31744K, 100% used [0x00000000d6f00000,0x00000000d8e00000,0x00000000d8e00000)
  from space 5120K, 99% used [0x00000000d8e00000,0x00000000d92fc010,0x00000000d9300000)
  to   space 5120K, 0% used [0x00000000db200000,0x00000000db200000,0x00000000db700000)
 ParOldGen       total 84992K, used 2095K [0x0000000084c00000, 0x0000000089f00000, 0x00000000d6f00000)
  object space 84992K, 2% used [0x0000000084c00000,0x0000000084e0bd08,0x0000000089f00000)
 Metaspace       used 13697K, capacity 14006K, committed 14080K, reserved 1060864K
  class space    used 1646K, capacity 1761K, committed 1792K, reserved 1048576K
Event: 1.632 GC heap after
Heap after GC invocations=4 (full 0):
 PSYoungGen      total 68608K, used 5088K [0x00000000d6f00000, 0x00000000db700000, 0x0000000100000000)
  eden space 63488K, 0% used [0x00000000d6f00000,0x00000000d6f00000,0x00000000dad00000)
  from space 5120K, 99% used [0x00000000db200000,0x00000000db6f8020,0x00000000db700000)
  to   space 5120K, 0% used [0x00000000dad00000,0x00000000dad00000,0x00000000db200000)
 ParOldGen       total 84992K, used 3201K [0x0000000084c00000, 0x0000000089f00000, 0x00000000d6f00000)
  object space 84992K, 3% used [0x0000000084c00000,0x0000000084f20470,0x0000000089f00000)
 Metaspace       used 13697K, capacity 14006K, committed 14080K, reserved 1060864K
  class space    used 1646K, capacity 1761K, committed 1792K, reserved 1048576K
}
Event: 13.503 GC heap before
{Heap before GC invocations=5 (full 0):
 PSYoungGen      total 68608K, used 68576K [0x00000000d6f00000, 0x00000000db700000, 0x0000000100000000)
  eden space 63488K, 100% used [0x00000000d6f00000,0x00000000dad00000,0x00000000dad00000)
  from space 5120K, 99% used [0x00000000db200000,0x00000000db6f8020,0x00000000db700000)
  to   space 5120K, 0% used [0x00000000dad00000,0x00000000dad00000,0x00000000db200000)
 ParOldGen       total 84992K, used 3201K [0x0000000084c00000, 0x0000000089f00000, 0x00000000d6f00000)
  object space 84992K, 3% used [0x0000000084c00000,0x0000000084f20470,0x0000000089f00000)
 Metaspace       used 16671K, capacity 17044K, committed 17280K, reserved 1064960K
  class space    used 1989K, capacity 2109K, committed 2176K, reserved 1048576K

Deoptimization events (10 events):
Event: 2.805 Thread 0x00007fd63c00a000 Uncommon trap: reason=class_check action=maybe_recompile pc=0x00007fd62d046d54 method=java.util.AbstractList$Itr.hasNext()Z @ 8
Event: 2.805 Thread 0x00007fd63c00a000 Uncommon trap: reason=class_check action=maybe_recompile pc=0x00007fd62d0469c8 method=java.util.AbstractList$Itr.next()Ljava/lang/Object; @ 14
Event: 2.829 Thread 0x00007fd63c00a000 Uncommon trap: reason=unstable_if action=reinterpret pc=0x00007fd62d1b2294 method=java.util.StringTokenizer.setMaxDelimCodePoint()V @ 71
Event: 2.997 Thread 0x00007fd63c99e800 Uncommon trap: reason=speculate_class_check action=maybe_recompile pc=0x00007fd62d0e51f4 method=java.nio.charset.CharsetDecoder.decode(Ljava/nio/ByteBuffer;Ljava/nio/CharBuffer;Z)Ljava/nio/charset/CoderResult; @ 57
Event: 2.997 Thread 0x00007fd63c99e000 Uncommon trap: reason=speculate_class_check action=maybe_recompile pc=0x00007fd62d0e51f4 method=java.nio.charset.CharsetDecoder.decode(Ljava/nio/ByteBuffer;Ljava/nio/CharBuffer;Z)Ljava/nio/charset/CoderResult; @ 57
Event: 3.144 Thread 0x00007fd63c99e800 Uncommon trap: reason=speculate_class_check action=maybe_recompile pc=0x00007fd62d0e51f4 method=java.nio.charset.CharsetDecoder.decode(Ljava/nio/ByteBuffer;Ljava/nio/CharBuffer;Z)Ljava/nio/charset/CoderResult; @ 57
Event: 3.144 Thread 0x00007fd63c99e000 Uncommon trap: reason=speculate_class_check action=maybe_recompile pc=0x00007fd62d0e51f4 method=java.nio.charset.CharsetDecoder.decode(Ljava/nio/ByteBuffer;Ljava/nio/CharBuffer;Z)Ljava/nio/charset/CoderResult; @ 57
Event: 3.388 Thread 0x00007fd63c00a000 Uncommon trap: reason=unstable_if action=reinterpret pc=0x00007fd62d243728 method=org.codehaus.plexus.classworlds.realm.Entry.matches(Ljava/lang/String;)Z @ 165
Event: 13.376 Thread 0x00007fd63c00a000 Uncommon trap: reason=bimorphic action=maybe_recompile pc=0x00007fd62d031c24 method=java.util.regex.Pattern$Curly.study(Ljava/util/regex/Pattern$TreeInfo;)Z @ 31
Event: 13.387 Thread 0x00007fd63c00a000 Uncommon trap: reason=bimorphic action=maybe_recompile pc=0x00007fd62d031c24 method=java.util.regex.Pattern$Curly.study(Ljava/util/regex/Pattern$TreeInfo;)Z @ 31

Internal exceptions (10 events):
Event: 0.926 Thread 0x00007fd63c00a000 Exception <a 'java/lang/NoSuchFieldError': method resolution failed> (0x00000000d865fa60) thrown at [/HUDSON3/workspace/8-2-build-linux-amd64/jdk8u102/7268/hotspot/src/share/vm/prims/methodHandles.cpp, line 1146]
Event: 1.115 Thread 0x00007fd63c00a000 Implicit null exception at 0x00007fd62cd4d375 to 0x00007fd62cd4d559
Event: 1.115 Thread 0x00007fd63c00a000 Implicit null exception at 0x00007fd62ccc1a6f to 0x00007fd62ccc1ad9
Event: 1.254 Thread 0x00007fd63c00a000 Implicit null exception at 0x00007fd62cf6533e to 0x00007fd62cf65659
Event: 1.752 Thread 0x00007fd63c00a000 Exception <a 'java/lang/NoClassDefFoundError': org/slf4j/Logger> (0x00000000d745bd80) thrown at [/HUDSON3/workspace/8-2-build-linux-amd64/jdk8u102/7268/hotspot/src/share/vm/oops/constantPool.cpp, line 235]
Event: 1.941 Thread 0x00007fd63c00a000 Exception <a 'java/lang/NoClassDefFoundError': org/slf4j/Logger> (0x00000000d85294d8) thrown at [/HUDSON3/workspace/8-2-build-linux-amd64/jdk8u102/7268/hotspot/src/share/vm/oops/constantPool.cpp, line 235]
Event: 2.615 Thread 0x00007fd63c00a000 Exception <a 'java/lang/NoClassDefFoundError': org/slf4j/Logger> (0x00000000d8df69b0) thrown at [/HUDSON3/workspace/8-2-build-linux-amd64/jdk8u102/7268/hotspot/src/share/vm/oops/constantPool.cpp, line 235]
Event: 2.748 Thread 0x00007fd63c964800 Implicit null exception at 0x00007fd62d248208 to 0x00007fd62d2482c1
Event: 2.759 Thread 0x00007fd63c00a000 Implicit null exception at 0x00007fd62d250afe to 0x00007fd62d250e19
Event: 3.413 Thread 0x00007fd63c00a000 Exception <a 'java/lang/NoClassDefFoundError': org/slf4j/Logger> (0x00000000da814a28) thrown at [/HUDSON3/workspace/8-2-build-linux-amd64/jdk8u102/7268/hotspot/src/share/vm/oops/constantPool.cpp, line 235]

Events (10 events):
Event: 13.490 loading class com/thoughtworks/xstream/core/AbstractReferenceUnmarshaller done
Event: 13.490 loading class org/apache/maven/plugin/war/util/WebappStructure
Event: 13.490 loading class org/apache/maven/plugin/war/util/WebappStructure done
Event: 13.490 loading class org/apache/maven/plugin/war/util/WebappStructure
Event: 13.490 loading class org/apache/maven/plugin/war/util/WebappStructure done
Event: 13.490 loading class org/apache/maven/plugin/war/util/WebappStructure
Event: 13.490 loading class org/apache/maven/plugin/war/util/WebappStructure done
Event: 13.490 loading class org/apache/maven/plugin/war/util/WebappStructure
Event: 13.490 loading class org/apache/maven/plugin/war/util/WebappStructure done
Event: 13.497 Executing VM operation: ParallelGCFailedAllocation


Dynamic libraries:
00400000-00401000 r-xp 00000000 08:01 4464129                            /usr/lib/jvm/java-8-jdk/jre/bin/java
00600000-00601000 rw-p 00000000 08:01 4464129                            /usr/lib/jvm/java-8-jdk/jre/bin/java
00700000-00721000 rw-p 00000000 00:00 0                                  [heap]
84c00000-89f00000 rw-p 00000000 00:00 0 
89f00000-d6f00000 ---p 00000000 00:00 0 
d6f00000-db700000 rw-p 00000000 00:00 0 
dfd00000-100000000 ---p 00000000 00:00 0 
100000000-100220000 rw-p 00000000 00:00 0 
100220000-140000000 ---p 00000000 00:00 0 
7fd5d0000000-7fd5d0021000 rw-p 00000000 00:00 0 
7fd5d0021000-7fd5d4000000 ---p 00000000 00:00 0 
7fd5d4000000-7fd5d4021000 rw-p 00000000 00:00 0 
7fd5d4021000-7fd5d8000000 ---p 00000000 00:00 0 
7fd5d8000000-7fd5d8021000 rw-p 00000000 00:00 0 
7fd5d8021000-7fd5dc000000 ---p 00000000 00:00 0 
7fd5dc000000-7fd5dc021000 rw-p 00000000 00:00 0 
7fd5dc021000-7fd5e0000000 ---p 00000000 00:00 0 
7fd5e0000000-7fd5e0021000 rw-p 00000000 00:00 0 
7fd5e0021000-7fd5e4000000 ---p 00000000 00:00 0 
7fd5e4000000-7fd5e4021000 rw-p 00000000 00:00 0 
7fd5e4021000-7fd5e8000000 ---p 00000000 00:00 0 
7fd5e8000000-7fd5e8021000 rw-p 00000000 00:00 0 
7fd5e8021000-7fd5ec000000 ---p 00000000 00:00 0 
7fd5ec000000-7fd5ec021000 rw-p 00000000 00:00 0 
7fd5ec021000-7fd5f0000000 ---p 00000000 00:00 0 
7fd5f0000000-7fd5f0021000 rw-p 00000000 00:00 0 
7fd5f0021000-7fd5f4000000 ---p 00000000 00:00 0 
7fd5f4000000-7fd5f4021000 rw-p 00000000 00:00 0 
7fd5f4021000-7fd5f8000000 ---p 00000000 00:00 0 
7fd5f8000000-7fd5f8f66000 rw-p 00000000 00:00 0 
7fd5f8f66000-7fd5fc000000 ---p 00000000 00:00 0 
7fd5fc000000-7fd5fc943000 rw-p 00000000 00:00 0 
7fd5fc943000-7fd600000000 ---p 00000000 00:00 0 
7fd600000000-7fd600021000 rw-p 00000000 00:00 0 
7fd600021000-7fd604000000 ---p 00000000 00:00 0 
7fd604000000-7fd605942000 rw-p 00000000 00:00 0 
7fd605942000-7fd608000000 ---p 00000000 00:00 0 
7fd608000000-7fd608021000 rw-p 00000000 00:00 0 
7fd608021000-7fd60c000000 ---p 00000000 00:00 0 
7fd60c000000-7fd60c021000 rw-p 00000000 00:00 0 
7fd60c021000-7fd610000000 ---p 00000000 00:00 0 
7fd610000000-7fd61028d000 rw-p 00000000 00:00 0 
7fd61028d000-7fd614000000 ---p 00000000 00:00 0 
7fd614000000-7fd614021000 rw-p 00000000 00:00 0 
7fd614021000-7fd618000000 ---p 00000000 00:00 0 
7fd618060000-7fd618120000 rw-p 00000000 00:00 0 
7fd618120000-7fd618260000 ---p 00000000 00:00 0 
7fd618260000-7fd61c000000 rw-p 00000000 00:00 0 
7fd61c000000-7fd61c021000 rw-p 00000000 00:00 0 
7fd61c021000-7fd620000000 ---p 00000000 00:00 0 
7fd620000000-7fd620021000 rw-p 00000000 00:00 0 
7fd620021000-7fd624000000 ---p 00000000 00:00 0 
7fd624000000-7fd624021000 rw-p 00000000 00:00 0 
7fd624021000-7fd628000000 ---p 00000000 00:00 0 
7fd6280b9000-7fd6280bc000 ---p 00000000 00:00 0 
7fd6280bc000-7fd6281ba000 rw-p 00000000 00:00 0 
7fd6281ba000-7fd6281bd000 ---p 00000000 00:00 0 
7fd6281bd000-7fd6282bb000 rw-p 00000000 00:00 0 
7fd6282bb000-7fd6282be000 ---p 00000000 00:00 0 
7fd6282be000-7fd6283bc000 rw-p 00000000 00:00 0 
7fd6283bc000-7fd6283bf000 ---p 00000000 00:00 0 
7fd6283bf000-7fd6284bd000 rw-p 00000000 00:00 0 
7fd6284bd000-7fd6284c0000 ---p 00000000 00:00 0 
7fd6284c0000-7fd6285be000 rw-p 00000000 00:00 0 
7fd6285be000-7fd6285c1000 ---p 00000000 00:00 0 
7fd6285c1000-7fd6286bf000 rw-p 00000000 00:00 0 
7fd6286bf000-7fd6286c0000 r--s 00001000 08:01 13502425                   /root/.m2/repository/org/apache/maven/doxia/doxia-sink-api/1.0-alpha-7/doxia-sink-api-1.0-alpha-7.jar
7fd6286c0000-7fd6286c1000 r--s 00002000 08:01 13502424                   /root/.m2/repository/org/apache/maven/reporting/maven-reporting-api/2.0.6/maven-reporting-api-2.0.6.jar
7fd6286c1000-7fd6286c3000 r--s 00005000 08:01 13501952                   /root/.m2/repository/org/apache/maven/plugins/maven-resources-plugin/2.5/maven-resources-plugin-2.5.jar
7fd62875a000-7fd62875c000 r--s 00007000 08:01 13502670                   /root/.m2/repository/org/apache/maven/shared/maven-filtering/1.0-beta-2/maven-filtering-1.0-beta-2.jar
7fd62875c000-7fd62875e000 r--s 00005000 08:01 13631565                   /root/.m2/repository/xpp3/xpp3_min/1.1.4c/xpp3_min-1.1.4c.jar
7fd62875e000-7fd628769000 r--s 0005f000 08:01 13631564                   /root/.m2/repository/com/thoughtworks/xstream/xstream/1.3.1/xstream-1.3.1.jar
7fd628769000-7fd62876c000 r--s 0000a000 08:01 13631563                   /root/.m2/repository/org/codehaus/plexus/plexus-io/1.0.1/plexus-io-1.0.1.jar
7fd62876c000-7fd628770000 r--s 00029000 08:01 13631562                   /root/.m2/repository/org/codehaus/plexus/plexus-archiver/1.2/plexus-archiver-1.2.jar
7fd628770000-7fd628771000 r--s 00004000 08:01 13502668                   /root/.m2/repository/org/apache/maven/maven-archiver/2.4.1/maven-archiver-2.4.1.jar
7fd628771000-7fd628773000 r--s 00011000 08:01 13501995                   /root/.m2/repository/org/apache/maven/plugins/maven-war-plugin/2.1.1/maven-war-plugin-2.1.1.jar
7fd628773000-7fd628776000 ---p 00000000 00:00 0 
7fd628776000-7fd628874000 rw-p 00000000 00:00 0 
7fd628874000-7fd628875000 r--s 00002000 08:01 13502639                   /root/.m2/repository/org/apache/maven/reporting/maven-reporting-api/2.0.9/maven-reporting-api-2.0.9.jar
7fd628875000-7fd628878000 r--s 00034000 08:01 13502634                   /root/.m2/repository/org/codehaus/plexus/plexus-utils/2.1/plexus-utils-2.1.jar
7fd628878000-7fd62887a000 r--s 00006000 08:01 13502633                   /root/.m2/repository/org/apache/maven/shared/maven-common-artifact-filters/1.3/maven-common-artifact-filters-1.3.jar
7fd62887a000-7fd62887c000 r--s 0000d000 08:01 13502632                   /root/.m2/repository/org/apache/maven/surefire/maven-surefire-common/2.10/maven-surefire-common-2.10.jar
7fd62887c000-7fd628881000 r--s 00023000 08:01 13502635                   /root/.m2/repository/org/apache/maven/surefire/surefire-api/2.10/surefire-api-2.10.jar
7fd628881000-7fd628883000 r--s 00007000 08:01 13502631                   /root/.m2/repository/org/apache/maven/surefire/surefire-booter/2.10/surefire-booter-2.10.jar
7fd628883000-7fd628885000 r--s 00006000 08:01 13501988                   /root/.m2/repository/org/apache/maven/plugins/maven-surefire-plugin/2.10/maven-surefire-plugin-2.10.jar
7fd628885000-7fd628886000 r--s 00003000 08:01 13502573                   /root/.m2/repository/org/codehaus/plexus/plexus-compiler-javac/1.9.1/plexus-compiler-javac-1.9.1.jar
7fd628886000-7fd628888000 r--s 00000000 08:01 13502574                   /root/.m2/repository/org/codehaus/plexus/plexus-compiler-manager/1.9.1/plexus-compiler-manager-1.9.1.jar
7fd628888000-7fd62888a000 r--s 00004000 08:01 13502571                   /root/.m2/repository/org/codehaus/plexus/plexus-compiler-api/1.9.1/plexus-compiler-api-1.9.1.jar
7fd62888a000-7fd62888e000 r--s 00034000 08:01 13502572                   /root/.m2/repository/org/codehaus/plexus/plexus-utils/3.0/plexus-utils-3.0.jar
7fd62888e000-7fd62888f000 r--s 00007000 08:01 13501971                   /root/.m2/repository/org/apache/maven/plugins/maven-compiler-plugin/2.5.1/maven-compiler-plugin-2.5.1.jar
7fd62888f000-7fd628891000 r--s 0000d000 08:01 13502435                   /root/.m2/repository/org/codehaus/plexus/plexus-interpolation/1.13/plexus-interpolation-1.13.jar
7fd628891000-7fd628892000 r--s 00001000 08:01 13502434                   /root/.m2/repository/org/sonatype/plexus/plexus-build-api/0.0.4/plexus-build-api-0.0.4.jar
7fd628892000-7fd628894000 r--s 00009000 08:01 13502433                   /root/.m2/repository/org/apache/maven/shared/maven-filtering/1.0/maven-filtering-1.0.jar
7fd628894000-7fd628898000 r--s 00033000 08:01 13502217                   /root/.m2/repository/org/codehaus/plexus/plexus-utils/2.0.5/plexus-utils-2.0.5.jar
7fd628898000-7fd62889b000 r--s 0001b000 08:01 13502428                   /root/.m2/repository/junit/junit/3.8.1/junit-3.8.1.jar
7fd62889b000-7fd62889d000 r--s 00002000 08:01 13502427                   /root/.m2/repository/org/codehaus/plexus/plexus-interactivity-api/1.0-alpha-4/plexus-interactivity-api-1.0-alpha-4.jar
7fd62889d000-7fd62889f000 r--s 00006000 08:01 13502426                   /root/.m2/repository/commons-cli/commons-cli/1.0/commons-cli-1.0.jar
7fd62889f000-7fd628a9f000 rw-p 00000000 00:00 0 
7fd628a9f000-7fd628ab0000 r-xp 00000000 08:01 4464033                    /usr/lib/jvm/java-8-jdk/jre/lib/amd64/libnio.so
7fd628ab0000-7fd628caf000 ---p 00011000 08:01 4464033                    /usr/lib/jvm/java-8-jdk/jre/lib/amd64/libnio.so
7fd628caf000-7fd628cb0000 rw-p 00010000 08:01 4464033                    /usr/lib/jvm/java-8-jdk/jre/lib/amd64/libnio.so
7fd628cb0000-7fd628cc6000 r-xp 00000000 08:01 4464039                    /usr/lib/jvm/java-8-jdk/jre/lib/amd64/libnet.so
7fd628cc6000-7fd628ec6000 ---p 00016000 08:01 4464039                    /usr/lib/jvm/java-8-jdk/jre/lib/amd64/libnet.so
7fd628ec6000-7fd628ec7000 rw-p 00016000 08:01 4464039                    /usr/lib/jvm/java-8-jdk/jre/lib/amd64/libnet.so
7fd628ec7000-7fd628eca000 ---p 00000000 00:00 0 
7fd628eca000-7fd628f00000 rw-p 00000000 00:00 0 
7fd628f00000-7fd628f01000 r--p 00000000 00:00 0 
7fd628f01000-7fd629101000 rw-p 00000000 00:00 0 
7fd629101000-7fd629105000 r--s 00097000 08:01 4463888                    /usr/lib/jvm/java-8-jdk/jre/lib/jsse.jar
7fd629105000-7fd629305000 rw-p 00000000 00:00 0 
7fd629305000-7fd629307000 r--s 0000d000 08:01 4989696                    /usr/share/netbeans/java/maven-nblib/netbeans-eventspy.jar
7fd629307000-7fd629309000 r--s 00009000 08:01 5132080                    /usr/share/netbeans/java/maven/lib/commons-cli-1.2.jar
7fd629309000-7fd629310000 r--s 00040000 08:01 5132094                    /usr/share/netbeans/java/maven/lib/sisu-inject-bean-2.3.0.jar
7fd629310000-7fd629311000 r--s 00002000 08:01 5132070                    /usr/share/netbeans/java/maven/lib/wagon-http-shared-2.10.jar
7fd629311000-7fd629312000 r--s 0000a000 08:01 5132078                    /usr/share/netbeans/java/maven/lib/maven-embedder-3.0.5.jar
7fd629312000-7fd629315000 r--s 0001d000 08:01 5132099                    /usr/share/netbeans/java/maven/lib/aether-impl-1.13.1.jar
7fd629315000-7fd629317000 r--s 0000b000 08:01 5132093                    /usr/share/netbeans/java/maven/lib/maven-artifact-3.0.5.jar
7fd629317000-7fd629319000 r--s 00026000 08:01 5132095                    /usr/share/netbeans/java/maven/lib/maven-model-3.0.5.jar
7fd629319000-7fd629321000 r--s 00050000 08:01 5132096                    /usr/share/netbeans/java/maven/lib/sisu-guice-3.1.0-no_aop.jar
7fd629321000-7fd62934f000 r--s 001fa000 08:01 5132085                    /usr/share/netbeans/java/maven/lib/wagon-http-2.10-shaded.jar
7fd62934f000-7fd629351000 r--s 00006000 08:01 5132084                    /usr/share/netbeans/java/maven/lib/aether-connector-wagon-1.13.1.jar
7fd629351000-7fd62935d000 r--s 0007d000 08:01 5132090                    /usr/share/netbeans/java/maven/lib/maven-core-3.0.5.jar
7fd62935d000-7fd62935f000 r--s 0000c000 08:01 5132083                    /usr/share/netbeans/java/maven/lib/maven-aether-provider-3.0.5.jar
7fd62935f000-7fd629365000 r--s 0003f000 08:01 5132081                    /usr/share/netbeans/java/maven/lib/maven-compat-3.0.5.jar
7fd629365000-7fd629368000 r--s 00008000 08:01 5132075                    /usr/share/netbeans/java/maven/lib/maven-settings-builder-3.0.5.jar
7fd629368000-7fd62936b000 r--s 0000b000 08:01 5132086                    /usr/share/netbeans/java/maven/lib/wagon-provider-api-2.10.jar
7fd62936b000-7fd62936f000 r--s 00021000 08:01 5132091                    /usr/share/netbeans/java/maven/lib/maven-model-builder-3.0.5.jar
7fd62936f000-7fd629372000 r--s 00013000 08:01 5132097                    /usr/share/netbeans/java/maven/lib/aether-api-1.13.1.jar
7fd629372000-7fd629376000 r--s 00033000 08:01 5132072                    /usr/share/netbeans/java/maven/lib/plexus-utils-2.0.6.jar
7fd629376000-7fd62937a000 r--s 0001c000 08:01 5132100                    /usr/share/netbeans/java/maven/lib/aether-util-1.13.1.jar
7fd62937a000-7fd62937c000 r--s 0000d000 08:01 5132074                    /usr/share/netbeans/java/maven/lib/plexus-interpolation-1.14.jar
7fd62937c000-7fd629382000 r--s 0002c000 08:01 5132071                    /usr/share/netbeans/java/maven/lib/sisu-inject-plexus-2.3.0.jar
7fd629382000-7fd6293a1000 r--s 00152000 08:01 5132089                    /usr/share/netbeans/java/maven/lib/sisu-guava-0.9.9.jar
7fd6293a1000-7fd6293a2000 ---p 00000000 00:00 0 
7fd6293a2000-7fd6294a2000 rw-p 00000000 00:00 0 
7fd6294a2000-7fd6294a5000 ---p 00000000 00:00 0 
7fd6294a5000-7fd6295a3000 rw-p 00000000 00:00 0 
7fd6295a3000-7fd6295a6000 ---p 00000000 00:00 0 
7fd6295a6000-7fd6296a4000 rw-p 00000000 00:00 0 
7fd6296a4000-7fd6296a7000 ---p 00000000 00:00 0 
7fd6296a7000-7fd6297a5000 rw-p 00000000 00:00 0 
7fd6297a5000-7fd6297a8000 ---p 00000000 00:00 0 
7fd6297a8000-7fd6298a6000 rw-p 00000000 00:00 0 
7fd6298a6000-7fd6298a9000 ---p 00000000 00:00 0 
7fd6298a9000-7fd6299a7000 rw-p 00000000 00:00 0 
7fd6299a7000-7fd629c70000 r--p 00000000 08:01 3942589                    /usr/lib/locale/locale-archive
7fd629c70000-7fd629c73000 ---p 00000000 00:00 0 
7fd629c73000-7fd629d71000 rw-p 00000000 00:00 0 
7fd629d71000-7fd629d74000 ---p 00000000 00:00 0 
7fd629d74000-7fd629e72000 rw-p 00000000 00:00 0 
7fd629e72000-7fd629e73000 ---p 00000000 00:00 0 
7fd629e73000-7fd62aee5000 rw-p 00000000 00:00 0 
7fd62aee5000-7fd62b0bd000 r--s 03d29000 08:01 4463920                    /usr/lib/jvm/java-8-jdk/jre/lib/rt.jar
7fd62b0bd000-7fd62bc97000 rw-p 00000000 00:00 0 
7fd62bc97000-7fd62bc98000 ---p 00000000 00:00 0 
7fd62bc98000-7fd62bd98000 rw-p 00000000 00:00 0 
7fd62bd98000-7fd62bd99000 ---p 00000000 00:00 0 
7fd62bd99000-7fd62be99000 rw-p 00000000 00:00 0 
7fd62be99000-7fd62be9a000 ---p 00000000 00:00 0 
7fd62be9a000-7fd62bfc4000 rw-p 00000000 00:00 0 
7fd62bfc4000-7fd62c22c000 ---p 00000000 00:00 0 
7fd62c22c000-7fd62c256000 rw-p 00000000 00:00 0 
7fd62c256000-7fd62c4bd000 ---p 00000000 00:00 0 
7fd62c4bd000-7fd62c4e2000 rw-p 00000000 00:00 0 
7fd62c4e2000-7fd62c606000 ---p 00000000 00:00 0 
7fd62c606000-7fd62c62e000 rw-p 00000000 00:00 0 
7fd62c62e000-7fd62c9c7000 ---p 00000000 00:00 0 
7fd62c9c7000-7fd62d367000 rwxp 00000000 00:00 0 
7fd62d367000-7fd63b9c7000 ---p 00000000 00:00 0 
7fd63b9c7000-7fd63b9e1000 r-xp 00000000 08:01 4464026                    /usr/lib/jvm/java-8-jdk/jre/lib/amd64/libzip.so
7fd63b9e1000-7fd63bbe1000 ---p 0001a000 08:01 4464026                    /usr/lib/jvm/java-8-jdk/jre/lib/amd64/libzip.so
7fd63bbe1000-7fd63bbe2000 rw-p 0001a000 08:01 4464026                    /usr/lib/jvm/java-8-jdk/jre/lib/amd64/libzip.so
7fd63bbe2000-7fd63bbec000 r-xp 00000000 08:01 3935490                    /usr/lib/libnss_files-2.24.so
7fd63bbec000-7fd63bdec000 ---p 0000a000 08:01 3935490                    /usr/lib/libnss_files-2.24.so
7fd63bdec000-7fd63bded000 r--p 0000a000 08:01 3935490                    /usr/lib/libnss_files-2.24.so
7fd63bded000-7fd63bdee000 rw-p 0000b000 08:01 3935490                    /usr/lib/libnss_files-2.24.so
7fd63bdee000-7fd63bdf4000 rw-p 00000000 00:00 0 
7fd63bdf4000-7fd63bdff000 r-xp 00000000 08:01 3935492                    /usr/lib/libnss_nis-2.24.so
7fd63bdff000-7fd63bffe000 ---p 0000b000 08:01 3935492                    /usr/lib/libnss_nis-2.24.so
7fd63bffe000-7fd63bfff000 r--p 0000a000 08:01 3935492                    /usr/lib/libnss_nis-2.24.so
7fd63bfff000-7fd63c000000 rw-p 0000b000 08:01 3935492                    /usr/lib/libnss_nis-2.24.so
7fd63c000000-7fd63cb2f000 rw-p 00000000 00:00 0 
7fd63cb2f000-7fd640000000 ---p 00000000 00:00 0 
7fd640000000-7fd640001000 r--s 00006000 08:01 5132082                    /usr/share/netbeans/java/maven/lib/plexus-sec-dispatcher-1.3.jar
7fd640001000-7fd640002000 r--s 00003000 08:01 5132092                    /usr/share/netbeans/java/maven/lib/aether-spi-1.13.1.jar
7fd640002000-7fd640004000 r--s 00000000 08:01 5132076                    /usr/share/netbeans/java/maven/lib/plexus-component-annotations-1.5.5.jar
7fd640004000-7fd640006000 r--s 0000a000 08:01 5132088                    /usr/share/netbeans/java/maven/lib/maven-settings-3.0.5.jar
7fd640006000-7fd640008000 r--s 00002000 08:01 5132098                    /usr/share/netbeans/java/maven/lib/plexus-cipher-1.7.jar
7fd640008000-7fd640009000 r--s 00002000 08:01 5132073                    /usr/share/netbeans/java/maven/lib/wagon-file-2.10.jar
7fd640009000-7fd64000b000 r--s 00006000 08:01 5132077                    /usr/share/netbeans/java/maven/lib/maven-repository-metadata-3.0.5.jar
7fd64000b000-7fd6400d0000 rw-p 00000000 00:00 0 
7fd6400d0000-7fd6400d1000 ---p 00000000 00:00 0 
7fd6400d1000-7fd6401d1000 rw-p 00000000 00:00 0 
7fd6401d1000-7fd6401e5000 r-xp 00000000 08:01 3935496                    /usr/lib/libnsl-2.24.so
7fd6401e5000-7fd6403e5000 ---p 00014000 08:01 3935496                    /usr/lib/libnsl-2.24.so
7fd6403e5000-7fd6403e6000 r--p 00014000 08:01 3935496                    /usr/lib/libnsl-2.24.so
7fd6403e6000-7fd6403e7000 rw-p 00015000 08:01 3935496                    /usr/lib/libnsl-2.24.so
7fd6403e7000-7fd6403e9000 rw-p 00000000 00:00 0 
7fd6403e9000-7fd6403f0000 r-xp 00000000 08:01 3935481                    /usr/lib/libnss_compat-2.24.so
7fd6403f0000-7fd6405ef000 ---p 00007000 08:01 3935481                    /usr/lib/libnss_compat-2.24.so
7fd6405ef000-7fd6405f0000 r--p 00006000 08:01 3935481                    /usr/lib/libnss_compat-2.24.so
7fd6405f0000-7fd6405f1000 rw-p 00007000 08:01 3935481                    /usr/lib/libnss_compat-2.24.so
7fd6405f1000-7fd64061b000 r-xp 00000000 08:01 4463985                    /usr/lib/jvm/java-8-jdk/jre/lib/amd64/libjava.so
7fd64061b000-7fd64081b000 ---p 0002a000 08:01 4463985                    /usr/lib/jvm/java-8-jdk/jre/lib/amd64/libjava.so
7fd64081b000-7fd64081d000 rw-p 0002a000 08:01 4463985                    /usr/lib/jvm/java-8-jdk/jre/lib/amd64/libjava.so
7fd64081d000-7fd64082a000 r-xp 00000000 08:01 4464031                    /usr/lib/jvm/java-8-jdk/jre/lib/amd64/libverify.so
7fd64082a000-7fd640a2a000 ---p 0000d000 08:01 4464031                    /usr/lib/jvm/java-8-jdk/jre/lib/amd64/libverify.so
7fd640a2a000-7fd640a2c000 rw-p 0000d000 08:01 4464031                    /usr/lib/jvm/java-8-jdk/jre/lib/amd64/libverify.so
7fd640a2c000-7fd640a33000 r-xp 00000000 08:01 3935498                    /usr/lib/librt-2.24.so
7fd640a33000-7fd640c32000 ---p 00007000 08:01 3935498                    /usr/lib/librt-2.24.so
7fd640c32000-7fd640c33000 r--p 00006000 08:01 3935498                    /usr/lib/librt-2.24.so
7fd640c33000-7fd640c34000 rw-p 00007000 08:01 3935498                    /usr/lib/librt-2.24.so
7fd640c34000-7fd640d37000 r-xp 00000000 08:01 3935495                    /usr/lib/libm-2.24.so
7fd640d37000-7fd640f36000 ---p 00103000 08:01 3935495                    /usr/lib/libm-2.24.so
7fd640f36000-7fd640f37000 r--p 00102000 08:01 3935495                    /usr/lib/libm-2.24.so
7fd640f37000-7fd640f38000 rw-p 00103000 08:01 3935495                    /usr/lib/libm-2.24.so
7fd640f38000-7fd641c04000 r-xp 00000000 08:01 4464045                    /usr/lib/jvm/java-8-jdk/jre/lib/amd64/server/libjvm.so
7fd641c04000-7fd641e04000 ---p 00ccc000 08:01 4464045                    /usr/lib/jvm/java-8-jdk/jre/lib/amd64/server/libjvm.so
7fd641e04000-7fd641edd000 rw-p 00ccc000 08:01 4464045                    /usr/lib/jvm/java-8-jdk/jre/lib/amd64/server/libjvm.so
7fd641edd000-7fd641f28000 rw-p 00000000 00:00 0 
7fd641f28000-7fd6420bd000 r-xp 00000000 08:01 3935384                    /usr/lib/libc-2.24.so
7fd6420bd000-7fd6422bc000 ---p 00195000 08:01 3935384                    /usr/lib/libc-2.24.so
7fd6422bc000-7fd6422c0000 r--p 00194000 08:01 3935384                    /usr/lib/libc-2.24.so
7fd6422c0000-7fd6422c2000 rw-p 00198000 08:01 3935384                    /usr/lib/libc-2.24.so
7fd6422c2000-7fd6422c6000 rw-p 00000000 00:00 0 
7fd6422c6000-7fd6422c8000 r-xp 00000000 08:01 3935494                    /usr/lib/libdl-2.24.so
7fd6422c8000-7fd6424c8000 ---p 00002000 08:01 3935494                    /usr/lib/libdl-2.24.so
7fd6424c8000-7fd6424c9000 r--p 00002000 08:01 3935494                    /usr/lib/libdl-2.24.so
7fd6424c9000-7fd6424ca000 rw-p 00003000 08:01 3935494                    /usr/lib/libdl-2.24.so
7fd6424ca000-7fd6424df000 r-xp 00000000 08:01 4601281                    /usr/lib/jvm/java-8-jdk/jre/lib/amd64/jli/libjli.so
7fd6424df000-7fd6426df000 ---p 00015000 08:01 4601281                    /usr/lib/jvm/java-8-jdk/jre/lib/amd64/jli/libjli.so
7fd6426df000-7fd6426e0000 rw-p 00015000 08:01 4601281                    /usr/lib/jvm/java-8-jdk/jre/lib/amd64/jli/libjli.so
7fd6426e0000-7fd6426f8000 r-xp 00000000 08:01 3935352                    /usr/lib/libpthread-2.24.so
7fd6426f8000-7fd6428f7000 ---p 00018000 08:01 3935352                    /usr/lib/libpthread-2.24.so
7fd6428f7000-7fd6428f8000 r--p 00017000 08:01 3935352                    /usr/lib/libpthread-2.24.so
7fd6428f8000-7fd6428f9000 rw-p 00018000 08:01 3935352                    /usr/lib/libpthread-2.24.so
7fd6428f9000-7fd6428fd000 rw-p 00000000 00:00 0 
7fd6428fd000-7fd642920000 r-xp 00000000 08:01 3935383                    /usr/lib/ld-2.24.so
7fd642920000-7fd6429e5000 rw-p 00000000 00:00 0 
7fd6429e5000-7fd6429e8000 ---p 00000000 00:00 0 
7fd6429e8000-7fd642ae8000 rw-p 00000000 00:00 0 
7fd642ae8000-7fd642aea000 r--s 0000b000 08:01 5132087                    /usr/share/netbeans/java/maven/lib/maven-plugin-api-3.0.5.jar
7fd642aea000-7fd642aec000 r--s 0000a000 08:01 5132109                    /usr/share/netbeans/java/maven/boot/plexus-classworlds-2.4.jar
7fd642aec000-7fd642b13000 rw-p 00000000 00:00 0 
7fd642b13000-7fd642b1b000 rw-s 00000000 00:21 2659773                    /tmp/hsperfdata_root/16273
7fd642b1b000-7fd642b1c000 rw-p 00000000 00:00 0 
7fd642b1c000-7fd642b1d000 ---p 00000000 00:00 0 
7fd642b1d000-7fd642b1f000 rw-p 00000000 00:00 0 
7fd642b1f000-7fd642b20000 r--p 00022000 08:01 3935383                    /usr/lib/ld-2.24.so
7fd642b20000-7fd642b21000 rw-p 00023000 08:01 3935383                    /usr/lib/ld-2.24.so
7fd642b21000-7fd642b22000 rw-p 00000000 00:00 0 
7ffc03100000-7ffc03121000 rw-p 00000000 00:00 0                          [stack]
7ffc031b0000-7ffc031b2000 r--p 00000000 00:00 0                          [vvar]
7ffc031b2000-7ffc031b4000 r-xp 00000000 00:00 0                          [vdso]
ffffffffff600000-ffffffffff601000 r-xp 00000000 00:00 0                  [vsyscall]

VM Arguments:
jvm_args: -Dclassworlds.conf=/usr/share/netbeans/java/maven/bin/m2.conf -Dmaven.home=/usr/share/netbeans/java/maven 
java_command: org.codehaus.plexus.classworlds.launcher.Launcher -Dmaven.ext.class.path=/usr/share/netbeans/java/maven-nblib/netbeans-eventspy.jar -Dfile.encoding=UTF-8 install
java_class_path (initial): /usr/share/netbeans/java/maven/boot/plexus-classworlds-2.4.jar
Launcher Type: SUN_STANDARD

Environment Variables:
JAVA_HOME=/usr/lib/jvm/default
PATH=/usr/lib/hardening-wrapper/bin:/usr/local/sbin:/usr/local/bin:/usr/bin:/usr/lib/jvm/default/bin:/usr/bin/site_perl:/usr/bin/vendor_perl:/usr/bin/core_perl
USERNAME=root
LD_LIBRARY_PATH=/usr/lib/jvm/default/bin/../jre/lib/amd64:/usr/lib/jvm/default/bin/../jre/lib/i386:
SHELL=/bin/bash
DISPLAY=:0

Signal Handlers:
SIGSEGV: [libjvm.so+0xac5b30], sa_mask[0]=11111111011111111101111111111110, sa_flags=SA_RESTART|SA_SIGINFO
SIGBUS: [libjvm.so+0xac5b30], sa_mask[0]=11111111011111111101111111111110, sa_flags=SA_RESTART|SA_SIGINFO
SIGFPE: [libjvm.so+0x91f470], sa_mask[0]=11111111011111111101111111111110, sa_flags=SA_RESTART|SA_SIGINFO
SIGPIPE: [libjvm.so+0x91f470], sa_mask[0]=11111111011111111101111111111110, sa_flags=SA_RESTART|SA_SIGINFO
SIGXFSZ: [libjvm.so+0x91f470], sa_mask[0]=11111111011111111101111111111110, sa_flags=SA_RESTART|SA_SIGINFO
SIGILL: [libjvm.so+0x91f470], sa_mask[0]=11111111011111111101111111111110, sa_flags=SA_RESTART|SA_SIGINFO
SIGUSR1: SIG_DFL, sa_mask[0]=00000000000000000000000000000000, sa_flags=none
SIGUSR2: [libjvm.so+0x920aa0], sa_mask[0]=00100000000000000000000000000000, sa_flags=SA_RESTART|SA_SIGINFO
SIGHUP: [libjvm.so+0x921ea0], sa_mask[0]=11111111011111111101111111111110, sa_flags=SA_RESTART|SA_SIGINFO
SIGINT: SIG_IGN, sa_mask[0]=00000000000000000000000000000000, sa_flags=none
SIGTERM: [libjvm.so+0x921ea0], sa_mask[0]=11111111011111111101111111111110, sa_flags=SA_RESTART|SA_SIGINFO
SIGQUIT: [libjvm.so+0x921ea0], sa_mask[0]=11111111011111111101111111111110, sa_flags=SA_RESTART|SA_SIGINFO


---------------  S Y S T E M  ---------------

OS:LSB_VERSION=1.4
DISTRIB_ID=Arch
DISTRIB_RELEASE=rolling
DISTRIB_DESCRIPTION="Arch Linux"

uname:Linux 4.8.13-1-ARCH #1 SMP PREEMPT Fri Dec 9 07:24:34 CET 2016 x86_64
libc:glibc 2.24 NPTL 2.24 
rlimit: STACK 8192k, CORE infinity, NPROC 31488, NOFILE 4096, AS infinity
load average:5.90 1.94 1.18

/proc/meminfo:
MemTotal:        8071108 kB
MemFree:          101928 kB
MemAvailable:        412 kB
Buffers:             456 kB
Cached:           515700 kB
SwapCached:            0 kB
Active:          7055124 kB
Inactive:         495504 kB
Active(anon):    7041916 kB
Inactive(anon):   482240 kB
Active(file):      13208 kB
Inactive(file):    13264 kB
Unevictable:           8 kB
Mlocked:               8 kB
SwapTotal:             0 kB
SwapFree:              0 kB
Dirty:                72 kB
Writeback:           224 kB
AnonPages:       7034756 kB
Mapped:           605832 kB
Shmem:            489408 kB
Slab:              95056 kB
SReclaimable:      41352 kB
SUnreclaim:        53704 kB
KernelStack:       14464 kB
PageTables:        92028 kB
NFS_Unstable:          0 kB
Bounce:                0 kB
WritebackTmp:          0 kB
CommitLimit:     4035552 kB
Committed_AS:   15078340 kB
VmallocTotal:   34359738367 kB
VmallocUsed:           0 kB
VmallocChunk:          0 kB
HardwareCorrupted:     0 kB
AnonHugePages:   3323904 kB
ShmemHugePages:        0 kB
ShmemPmdMapped:        0 kB
HugePages_Total:       0
HugePages_Free:        0
HugePages_Rsvd:        0
HugePages_Surp:        0
Hugepagesize:       2048 kB
DirectMap4k:      588020 kB
DirectMap2M:     7692288 kB


CPU:total 4 (4 cores per cpu, 1 threads per core) family 6 model 42 stepping 7, cmov, cx8, fxsr, mmx, sse, sse2, sse3, ssse3, sse4.1, sse4.2, popcnt, avx, aes, clmul, tsc, tscinvbit

/proc/cpuinfo:
processor	: 0
vendor_id	: GenuineIntel
cpu family	: 6
model		: 42
model name	: Intel(R) Core(TM) i5-2500K CPU @ 3.30GHz
stepping	: 7
microcode	: 0x29
cpu MHz		: 1792.401
cache size	: 6144 KB
physical id	: 0
siblings	: 4
core id		: 0
cpu cores	: 4
apicid		: 0
initial apicid	: 0
fpu		: yes
fpu_exception	: yes
cpuid level	: 13
wp		: yes
flags		: fpu vme de pse tsc msr pae mce cx8 apic sep mtrr pge mca cmov pat pse36 clflush dts acpi mmx fxsr sse sse2 ss ht tm pbe syscall nx rdtscp lm constant_tsc arch_perfmon pebs bts rep_good nopl xtopology nonstop_tsc aperfmperf eagerfpu pni pclmulqdq dtes64 monitor ds_cpl vmx est tm2 ssse3 cx16 xtpr pdcm pcid sse4_1 sse4_2 popcnt tsc_deadline_timer aes xsave avx lahf_lm epb tpr_shadow vnmi flexpriority ept vpid xsaveopt dtherm ida arat pln pts
bugs		:
bogomips	: 6587.43
clflush size	: 64
cache_alignment	: 64
address sizes	: 36 bits physical, 48 bits virtual
power management:

processor	: 1
vendor_id	: GenuineIntel
cpu family	: 6
model		: 42
model name	: Intel(R) Core(TM) i5-2500K CPU @ 3.30GHz
stepping	: 7
microcode	: 0x29
cpu MHz		: 1795.019
cache size	: 6144 KB
physical id	: 0
siblings	: 4
core id		: 1
cpu cores	: 4
apicid		: 2
initial apicid	: 2
fpu		: yes
fpu_exception	: yes
cpuid level	: 13
wp		: yes
flags		: fpu vme de pse tsc msr pae mce cx8 apic sep mtrr pge mca cmov pat pse36 clflush dts acpi mmx fxsr sse sse2 ss ht tm pbe syscall nx rdtscp lm constant_tsc arch_perfmon pebs bts rep_good nopl xtopology nonstop_tsc aperfmperf eagerfpu pni pclmulqdq dtes64 monitor ds_cpl vmx est tm2 ssse3 cx16 xtpr pdcm pcid sse4_1 sse4_2 popcnt tsc_deadline_timer aes xsave avx lahf_lm epb tpr_shadow vnmi flexpriority ept vpid xsaveopt dtherm ida arat pln pts
bugs		:
bogomips	: 6588.60
clflush size	: 64
cache_alignment	: 64
address sizes	: 36 bits physical, 48 bits virtual
power management:

processor	: 2
vendor_id	: GenuineIntel
cpu family	: 6
model		: 42
model name	: Intel(R) Core(TM) i5-2500K CPU @ 3.30GHz
stepping	: 7
microcode	: 0x29
cpu MHz		: 1882.031
cache size	: 6144 KB
physical id	: 0
siblings	: 4
core id		: 2
cpu cores	: 4
apicid		: 4
initial apicid	: 4
fpu		: yes
fpu_exception	: yes
cpuid level	: 13
wp		: yes
flags		: fpu vme de pse tsc msr pae mce cx8 apic sep mtrr pge mca cmov pat pse36 clflush dts acpi mmx fxsr sse sse2 ss ht tm pbe syscall nx rdtscp lm constant_tsc arch_perfmon pebs bts rep_good nopl xtopology nonstop_tsc aperfmperf eagerfpu pni pclmulqdq dtes64 monitor ds_cpl vmx est tm2 ssse3 cx16 xtpr pdcm pcid sse4_1 sse4_2 popcnt tsc_deadline_timer aes xsave avx lahf_lm epb tpr_shadow vnmi flexpriority ept vpid xsaveopt dtherm ida arat pln pts
bugs		:
bogomips	: 6588.66
clflush size	: 64
cache_alignment	: 64
address sizes	: 36 bits physical, 48 bits virtual
power management:

processor	: 3
vendor_id	: GenuineIntel
cpu family	: 6
model		: 42
model name	: Intel(R) Core(TM) i5-2500K CPU @ 3.30GHz
stepping	: 7
microcode	: 0x29
cpu MHz		: 1897.741
cache size	: 6144 KB
physical id	: 0
siblings	: 4
core id		: 3
cpu cores	: 4
apicid		: 6
initial apicid	: 6
fpu		: yes
fpu_exception	: yes
cpuid level	: 13
wp		: yes
flags		: fpu vme de pse tsc msr pae mce cx8 apic sep mtrr pge mca cmov pat pse36 clflush dts acpi mmx fxsr sse sse2 ss ht tm pbe syscall nx rdtscp lm constant_tsc arch_perfmon pebs bts rep_good nopl xtopology nonstop_tsc aperfmperf eagerfpu pni pclmulqdq dtes64 monitor ds_cpl vmx est tm2 ssse3 cx16 xtpr pdcm pcid sse4_1 sse4_2 popcnt tsc_deadline_timer aes xsave avx lahf_lm epb tpr_shadow vnmi flexpriority ept vpid xsaveopt dtherm ida arat pln pts
bugs		:
bogomips	: 6588.69
clflush size	: 64
cache_alignment	: 64
address sizes	: 36 bits physical, 48 bits virtual
power management:



Memory: 4k page, physical 8071108k(103452k free), swap 0k(0k free)

vm_info: Java HotSpot(TM) 64-Bit Server VM (25.102-b14) for linux-amd64 JRE (1.8.0_102-b14), built on Jun 22 2016 18:43:17 by "java_re" with gcc 4.3.0 20080428 (Red Hat 4.3.0-8)

time: Wed Feb  1 23:25:40 2017
elapsed time: 14 seconds (0d 0h 0m 14s)

